<?xml version="1.0" encoding="UTF-8"?>
<!-- Generated by org.testng.reporters.JUnitReportReporter -->
<testsuite hostname="DESKTOP-4ADN1HA" failures="0" tests="4" name="tests.FirstTest" time="10.865" errors="0" timestamp="2023-09-30T15:48:11 IST" skipped="0">
  <testcase classname="tests.FirstTest" name="testAuthentication" time="4.386"/>
  <system-out/>
  <testcase classname="tests.FirstTest" name="createBookingTest" time="1.979"/>
  <system-out/>
  <testcase classname="tests.FirstTest" name="updateBookingTest" time="2.245"/>
  <system-out/>
  <testcase classname="tests.FirstTest" name="getBookingTest" time="2.255"/>
  <system-out/>
</testsuite> <!-- tests.FirstTest -->
