<?xml version="1.0" encoding="UTF-8"?>
<!-- Generated by org.testng.reporters.JUnitReportReporter -->
<testsuite hostname="DESKTOP-4ADN1HA" failures="0" tests="4" name="tests.SecondTest" time="7.380" errors="0" timestamp="2023-09-30T15:48:11 IST" skipped="0">
  <testcase classname="tests.SecondTest" name="testAuthentication" time="1.597"/>
  <system-out/>
  <testcase classname="tests.SecondTest" name="createBookingTest" time="2.308"/>
  <system-out/>
  <testcase classname="tests.SecondTest" name="patchBookingTest" time="1.527"/>
  <system-out/>
  <testcase classname="tests.SecondTest" name="deleteBookingTest" time="1.948"/>
  <system-out/>
</testsuite> <!-- tests.SecondTest -->
