<?xml version="1.0" encoding="UTF-8"?>
<testsuite xmlns:xsi="http://www.w3.org/2001/XMLSchema-instance" xsi:noNamespaceSchemaLocation="https://maven.apache.org/surefire/maven-surefire-plugin/xsd/surefire-test-report.xsd" name="TestSuite" time="19.446" tests="9" errors="0" skipped="0" failures="0">
  <properties>
    <property name="java.specification.version" value="19"/>
    <property name="sun.cpu.isalist" value="amd64"/>
    <property name="sun.jnu.encoding" value="Cp1252"/>
    <property name="java.class.path" value="C:\Users\ANURAG\Downloads\JenkinAssignment1-master\JenkinAssignment1-master\target\test-classes;C:\Users\ANURAG\Downloads\JenkinAssignment1-master\JenkinAssignment1-master\target\classes;C:\Users\ANURAG\.m2\repository\io\rest-assured\rest-assured\4.3.3\rest-assured-4.3.3.jar;C:\Users\ANURAG\.m2\repository\org\codehaus\groovy\groovy\3.0.7\groovy-3.0.7.jar;C:\Users\ANURAG\.m2\repository\org\codehaus\groovy\groovy-xml\3.0.7\groovy-xml-3.0.7.jar;C:\Users\ANURAG\.m2\repository\org\apache\httpcomponents\httpclient\4.5.3\httpclient-4.5.3.jar;C:\Users\ANURAG\.m2\repository\org\apache\httpcomponents\httpcore\4.4.6\httpcore-4.4.6.jar;C:\Users\ANURAG\.m2\repository\commons-logging\commons-logging\1.2\commons-logging-1.2.jar;C:\Users\ANURAG\.m2\repository\commons-codec\commons-codec\1.9\commons-codec-1.9.jar;C:\Users\ANURAG\.m2\repository\org\apache\httpcomponents\httpmime\4.5.3\httpmime-4.5.3.jar;C:\Users\ANURAG\.m2\repository\org\hamcrest\hamcrest\2.1\hamcrest-2.1.jar;C:\Users\ANURAG\.m2\repository\org\ccil\cowan\tagsoup\tagsoup\1.2.1\tagsoup-1.2.1.jar;C:\Users\ANURAG\.m2\repository\io\rest-assured\json-path\4.3.3\json-path-4.3.3.jar;C:\Users\ANURAG\.m2\repository\org\codehaus\groovy\groovy-json\3.0.7\groovy-json-3.0.7.jar;C:\Users\ANURAG\.m2\repository\io\rest-assured\rest-assured-common\4.3.3\rest-assured-common-4.3.3.jar;C:\Users\ANURAG\.m2\repository\io\rest-assured\xml-path\4.3.3\xml-path-4.3.3.jar;C:\Users\ANURAG\.m2\repository\org\apache\commons\commons-lang3\3.11\commons-lang3-3.11.jar;C:\Users\ANURAG\.m2\repository\jakarta\xml\bind\jakarta.xml.bind-api\2.3.3\jakarta.xml.bind-api-2.3.3.jar;C:\Users\ANURAG\.m2\repository\jakarta\activation\jakarta.activation-api\1.2.2\jakarta.activation-api-1.2.2.jar;C:\Users\ANURAG\.m2\repository\com\sun\xml\bind\jaxb-impl\2.3.3\jaxb-impl-2.3.3.jar;C:\Users\ANURAG\.m2\repository\org\testng\testng\7.3.0\testng-7.3.0.jar;C:\Users\ANURAG\.m2\repository\com\beust\jcommander\1.78\jcommander-1.78.jar;C:\Users\ANURAG\.m2\repository\org\apache\ant\ant\1.10.3\ant-1.10.3.jar;C:\Users\ANURAG\.m2\repository\org\apache\ant\ant-launcher\1.10.3\ant-launcher-1.10.3.jar;C:\Users\ANURAG\.m2\repository\junit\junit\4.12\junit-4.12.jar;C:\Users\ANURAG\.m2\repository\org\hamcrest\hamcrest-core\1.3\hamcrest-core-1.3.jar;C:\Users\ANURAG\.m2\repository\com\google\inject\guice\4.2.2\guice-4.2.2-no_aop.jar;C:\Users\ANURAG\.m2\repository\javax\inject\javax.inject\1\javax.inject-1.jar;C:\Users\ANURAG\.m2\repository\aopalliance\aopalliance\1.0\aopalliance-1.0.jar;C:\Users\ANURAG\.m2\repository\com\google\guava\guava\25.1-android\guava-25.1-android.jar;C:\Users\ANURAG\.m2\repository\com\google\code\findbugs\jsr305\3.0.2\jsr305-3.0.2.jar;C:\Users\ANURAG\.m2\repository\org\checkerframework\checker-compat-qual\2.0.0\checker-compat-qual-2.0.0.jar;C:\Users\ANURAG\.m2\repository\com\google\errorprone\error_prone_annotations\2.1.3\error_prone_annotations-2.1.3.jar;C:\Users\ANURAG\.m2\repository\com\google\j2objc\j2objc-annotations\1.1\j2objc-annotations-1.1.jar;C:\Users\ANURAG\.m2\repository\org\codehaus\mojo\animal-sniffer-annotations\1.14\animal-sniffer-annotations-1.14.jar;C:\Users\ANURAG\.m2\repository\org\yaml\snakeyaml\1.21\snakeyaml-1.21.jar;C:\Users\ANURAG\.m2\repository\com\fasterxml\jackson\core\jackson-databind\2.12.5\jackson-databind-2.12.5.jar;C:\Users\ANURAG\.m2\repository\com\fasterxml\jackson\core\jackson-annotations\2.12.5\jackson-annotations-2.12.5.jar;C:\Users\ANURAG\.m2\repository\com\fasterxml\jackson\core\jackson-core\2.12.5\jackson-core-2.12.5.jar;C:\Users\ANURAG\.m2\repository\org\apache\logging\log4j\log4j-api\2.14.1\log4j-api-2.14.1.jar;C:\Users\ANURAG\.m2\repository\org\apache\logging\log4j\log4j-core\2.14.1\log4j-core-2.14.1.jar;C:\Users\ANURAG\.m2\repository\tech\grasshopper\extentreports-cucumber7-adapter\1.9.2\extentreports-cucumber7-adapter-1.9.2.jar;C:\Users\ANURAG\.m2\repository\tech\grasshopper\extent-pdf-report\2.9.1\extent-pdf-report-2.9.1.jar;C:\Users\ANURAG\.m2\repository\tech\grasshopper\cucumber-pdf-report\2.11.1\cucumber-pdf-report-2.11.1.jar;C:\Users\ANURAG\.m2\repository\org\apache\pdfbox\pdfbox\2.0.26\pdfbox-2.0.26.jar;C:\Users\ANURAG\.m2\repository\org\apache\pdfbox\fontbox\2.0.26\fontbox-2.0.26.jar;C:\Users\ANURAG\.m2\repository\org\knowm\xchart\xchart\3.8.0\xchart-3.8.0.jar;C:\Users\ANURAG\.m2\repository\de\erichseifert\vectorgraphics2d\VectorGraphics2D\0.13\VectorGraphics2D-0.13.jar;C:\Users\ANURAG\.m2\repository\de\rototor\pdfbox\graphics2d\0.30\graphics2d-0.30.jar;C:\Users\ANURAG\.m2\repository\com\madgag\animated-gif-lib\1.4\animated-gif-lib-1.4.jar;C:\Users\ANURAG\.m2\repository\tech\grasshopper\table-layout\1.5.1\table-layout-1.5.1.jar;C:\Users\ANURAG\.m2\repository\tech\grasshopper\rest-assured-cucumber-pdf-report\1.4.1\rest-assured-cucumber-pdf-report-1.4.1.jar;C:\Users\ANURAG\.m2\repository\org\jsoup\jsoup\1.15.3\jsoup-1.15.3.jar;C:\Users\ANURAG\.m2\repository\com\aventstack\klov-reporter\5.0.9\klov-reporter-5.0.9.jar;C:\Users\ANURAG\.m2\repository\org\mongodb\mongodb-driver\3.6.4\mongodb-driver-3.6.4.jar;C:\Users\ANURAG\.m2\repository\org\mongodb\mongodb-driver-core\3.6.4\mongodb-driver-core-3.6.4.jar;C:\Users\ANURAG\.m2\repository\org\mongodb\bson\3.6.4\bson-3.6.4.jar;C:\Users\ANURAG\.m2\repository\tech\grasshopper\htmlextentreporter\1.0.1\htmlextentreporter-1.0.1.jar;C:\Users\ANURAG\.m2\repository\io\cucumber\cucumber-java\7.2.3\cucumber-java-7.2.3.jar;C:\Users\ANURAG\.m2\repository\io\cucumber\cucumber-core\7.2.3\cucumber-core-7.2.3.jar;C:\Users\ANURAG\.m2\repository\io\cucumber\cucumber-gherkin\7.2.3\cucumber-gherkin-7.2.3.jar;C:\Users\ANURAG\.m2\repository\io\cucumber\cucumber-gherkin-messages\7.2.3\cucumber-gherkin-messages-7.2.3.jar;C:\Users\ANURAG\.m2\repository\io\cucumber\messages\17.1.1\messages-17.1.1.jar;C:\Users\ANURAG\.m2\repository\io\cucumber\tag-expressions\4.1.0\tag-expressions-4.1.0.jar;C:\Users\ANURAG\.m2\repository\io\cucumber\cucumber-expressions\15.0.1\cucumber-expressions-15.0.1.jar;C:\Users\ANURAG\.m2\repository\io\cucumber\datatable\7.2.3\datatable-7.2.3.jar;C:\Users\ANURAG\.m2\repository\io\cucumber\cucumber-plugin\7.2.3\cucumber-plugin-7.2.3.jar;C:\Users\ANURAG\.m2\repository\io\cucumber\docstring\7.2.3\docstring-7.2.3.jar;C:\Users\ANURAG\.m2\repository\io\cucumber\html-formatter\17.0.0\html-formatter-17.0.0.jar;C:\Users\ANURAG\.m2\repository\io\cucumber\ci-environment\8.1.0\ci-environment-8.1.0.jar;C:\Users\ANURAG\.m2\repository\org\apiguardian\apiguardian-api\1.1.2\apiguardian-api-1.1.2.jar;C:\Users\ANURAG\.m2\repository\com\aventstack\extentreports\5.0.9\extentreports-5.0.9.jar;C:\Users\ANURAG\.m2\repository\io\reactivex\rxjava3\rxjava\3.0.4\rxjava-3.0.4.jar;C:\Users\ANURAG\.m2\repository\org\reactivestreams\reactive-streams\1.0.3\reactive-streams-1.0.3.jar;C:\Users\ANURAG\.m2\repository\org\freemarker\freemarker\2.3.30\freemarker-2.3.30.jar;C:\Users\ANURAG\.m2\repository\com\google\code\gson\gson\2.8.6\gson-2.8.6.jar;C:\Users\ANURAG\.m2\repository\org\projectlombok\lombok\1.18.22\lombok-1.18.22.jar;"/>
    <property name="java.vm.vendor" value="Oracle Corporation"/>
    <property name="sun.arch.data.model" value="64"/>
    <property name="user.variant" value=""/>
    <property name="java.vendor.url" value="https://java.oracle.com/"/>
    <property name="user.timezone" value="Asia/Calcutta"/>
    <property name="os.name" value="Windows 11"/>
    <property name="java.vm.specification.version" value="19"/>
    <property name="sun.java.launcher" value="SUN_STANDARD"/>
    <property name="user.country" value="IN"/>
    <property name="sun.boot.library.path" value="C:\Program Files\Java\jdk-19\bin"/>
    <property name="sun.java.command" value="C:\Users\ANURAG\AppData\Local\Temp\surefire4248169121156249399\surefirebooter17728136091826964018.jar C:\Users\ANURAG\AppData\Local\Temp\surefire4248169121156249399 2023-09-30T15-47-50_508-jvmRun1 surefire14546602249737865251tmp surefire_016576851621045915208tmp"/>
    <property name="jdk.debug" value="release"/>
    <property name="surefire.test.class.path" value="C:\Users\ANURAG\Downloads\JenkinAssignment1-master\JenkinAssignment1-master\target\test-classes;C:\Users\ANURAG\Downloads\JenkinAssignment1-master\JenkinAssignment1-master\target\classes;C:\Users\ANURAG\.m2\repository\io\rest-assured\rest-assured\4.3.3\rest-assured-4.3.3.jar;C:\Users\ANURAG\.m2\repository\org\codehaus\groovy\groovy\3.0.7\groovy-3.0.7.jar;C:\Users\ANURAG\.m2\repository\org\codehaus\groovy\groovy-xml\3.0.7\groovy-xml-3.0.7.jar;C:\Users\ANURAG\.m2\repository\org\apache\httpcomponents\httpclient\4.5.3\httpclient-4.5.3.jar;C:\Users\ANURAG\.m2\repository\org\apache\httpcomponents\httpcore\4.4.6\httpcore-4.4.6.jar;C:\Users\ANURAG\.m2\repository\commons-logging\commons-logging\1.2\commons-logging-1.2.jar;C:\Users\ANURAG\.m2\repository\commons-codec\commons-codec\1.9\commons-codec-1.9.jar;C:\Users\ANURAG\.m2\repository\org\apache\httpcomponents\httpmime\4.5.3\httpmime-4.5.3.jar;C:\Users\ANURAG\.m2\repository\org\hamcrest\hamcrest\2.1\hamcrest-2.1.jar;C:\Users\ANURAG\.m2\repository\org\ccil\cowan\tagsoup\tagsoup\1.2.1\tagsoup-1.2.1.jar;C:\Users\ANURAG\.m2\repository\io\rest-assured\json-path\4.3.3\json-path-4.3.3.jar;C:\Users\ANURAG\.m2\repository\org\codehaus\groovy\groovy-json\3.0.7\groovy-json-3.0.7.jar;C:\Users\ANURAG\.m2\repository\io\rest-assured\rest-assured-common\4.3.3\rest-assured-common-4.3.3.jar;C:\Users\ANURAG\.m2\repository\io\rest-assured\xml-path\4.3.3\xml-path-4.3.3.jar;C:\Users\ANURAG\.m2\repository\org\apache\commons\commons-lang3\3.11\commons-lang3-3.11.jar;C:\Users\ANURAG\.m2\repository\jakarta\xml\bind\jakarta.xml.bind-api\2.3.3\jakarta.xml.bind-api-2.3.3.jar;C:\Users\ANURAG\.m2\repository\jakarta\activation\jakarta.activation-api\1.2.2\jakarta.activation-api-1.2.2.jar;C:\Users\ANURAG\.m2\repository\com\sun\xml\bind\jaxb-impl\2.3.3\jaxb-impl-2.3.3.jar;C:\Users\ANURAG\.m2\repository\org\testng\testng\7.3.0\testng-7.3.0.jar;C:\Users\ANURAG\.m2\repository\com\beust\jcommander\1.78\jcommander-1.78.jar;C:\Users\ANURAG\.m2\repository\org\apache\ant\ant\1.10.3\ant-1.10.3.jar;C:\Users\ANURAG\.m2\repository\org\apache\ant\ant-launcher\1.10.3\ant-launcher-1.10.3.jar;C:\Users\ANURAG\.m2\repository\junit\junit\4.12\junit-4.12.jar;C:\Users\ANURAG\.m2\repository\org\hamcrest\hamcrest-core\1.3\hamcrest-core-1.3.jar;C:\Users\ANURAG\.m2\repository\com\google\inject\guice\4.2.2\guice-4.2.2-no_aop.jar;C:\Users\ANURAG\.m2\repository\javax\inject\javax.inject\1\javax.inject-1.jar;C:\Users\ANURAG\.m2\repository\aopalliance\aopalliance\1.0\aopalliance-1.0.jar;C:\Users\ANURAG\.m2\repository\com\google\guava\guava\25.1-android\guava-25.1-android.jar;C:\Users\ANURAG\.m2\repository\com\google\code\findbugs\jsr305\3.0.2\jsr305-3.0.2.jar;C:\Users\ANURAG\.m2\repository\org\checkerframework\checker-compat-qual\2.0.0\checker-compat-qual-2.0.0.jar;C:\Users\ANURAG\.m2\repository\com\google\errorprone\error_prone_annotations\2.1.3\error_prone_annotations-2.1.3.jar;C:\Users\ANURAG\.m2\repository\com\google\j2objc\j2objc-annotations\1.1\j2objc-annotations-1.1.jar;C:\Users\ANURAG\.m2\repository\org\codehaus\mojo\animal-sniffer-annotations\1.14\animal-sniffer-annotations-1.14.jar;C:\Users\ANURAG\.m2\repository\org\yaml\snakeyaml\1.21\snakeyaml-1.21.jar;C:\Users\ANURAG\.m2\repository\com\fasterxml\jackson\core\jackson-databind\2.12.5\jackson-databind-2.12.5.jar;C:\Users\ANURAG\.m2\repository\com\fasterxml\jackson\core\jackson-annotations\2.12.5\jackson-annotations-2.12.5.jar;C:\Users\ANURAG\.m2\repository\com\fasterxml\jackson\core\jackson-core\2.12.5\jackson-core-2.12.5.jar;C:\Users\ANURAG\.m2\repository\org\apache\logging\log4j\log4j-api\2.14.1\log4j-api-2.14.1.jar;C:\Users\ANURAG\.m2\repository\org\apache\logging\log4j\log4j-core\2.14.1\log4j-core-2.14.1.jar;C:\Users\ANURAG\.m2\repository\tech\grasshopper\extentreports-cucumber7-adapter\1.9.2\extentreports-cucumber7-adapter-1.9.2.jar;C:\Users\ANURAG\.m2\repository\tech\grasshopper\extent-pdf-report\2.9.1\extent-pdf-report-2.9.1.jar;C:\Users\ANURAG\.m2\repository\tech\grasshopper\cucumber-pdf-report\2.11.1\cucumber-pdf-report-2.11.1.jar;C:\Users\ANURAG\.m2\repository\org\apache\pdfbox\pdfbox\2.0.26\pdfbox-2.0.26.jar;C:\Users\ANURAG\.m2\repository\org\apache\pdfbox\fontbox\2.0.26\fontbox-2.0.26.jar;C:\Users\ANURAG\.m2\repository\org\knowm\xchart\xchart\3.8.0\xchart-3.8.0.jar;C:\Users\ANURAG\.m2\repository\de\erichseifert\vectorgraphics2d\VectorGraphics2D\0.13\VectorGraphics2D-0.13.jar;C:\Users\ANURAG\.m2\repository\de\rototor\pdfbox\graphics2d\0.30\graphics2d-0.30.jar;C:\Users\ANURAG\.m2\repository\com\madgag\animated-gif-lib\1.4\animated-gif-lib-1.4.jar;C:\Users\ANURAG\.m2\repository\tech\grasshopper\table-layout\1.5.1\table-layout-1.5.1.jar;C:\Users\ANURAG\.m2\repository\tech\grasshopper\rest-assured-cucumber-pdf-report\1.4.1\rest-assured-cucumber-pdf-report-1.4.1.jar;C:\Users\ANURAG\.m2\repository\org\jsoup\jsoup\1.15.3\jsoup-1.15.3.jar;C:\Users\ANURAG\.m2\repository\com\aventstack\klov-reporter\5.0.9\klov-reporter-5.0.9.jar;C:\Users\ANURAG\.m2\repository\org\mongodb\mongodb-driver\3.6.4\mongodb-driver-3.6.4.jar;C:\Users\ANURAG\.m2\repository\org\mongodb\mongodb-driver-core\3.6.4\mongodb-driver-core-3.6.4.jar;C:\Users\ANURAG\.m2\repository\org\mongodb\bson\3.6.4\bson-3.6.4.jar;C:\Users\ANURAG\.m2\repository\tech\grasshopper\htmlextentreporter\1.0.1\htmlextentreporter-1.0.1.jar;C:\Users\ANURAG\.m2\repository\io\cucumber\cucumber-java\7.2.3\cucumber-java-7.2.3.jar;C:\Users\ANURAG\.m2\repository\io\cucumber\cucumber-core\7.2.3\cucumber-core-7.2.3.jar;C:\Users\ANURAG\.m2\repository\io\cucumber\cucumber-gherkin\7.2.3\cucumber-gherkin-7.2.3.jar;C:\Users\ANURAG\.m2\repository\io\cucumber\cucumber-gherkin-messages\7.2.3\cucumber-gherkin-messages-7.2.3.jar;C:\Users\ANURAG\.m2\repository\io\cucumber\messages\17.1.1\messages-17.1.1.jar;C:\Users\ANURAG\.m2\repository\io\cucumber\tag-expressions\4.1.0\tag-expressions-4.1.0.jar;C:\Users\ANURAG\.m2\repository\io\cucumber\cucumber-expressions\15.0.1\cucumber-expressions-15.0.1.jar;C:\Users\ANURAG\.m2\repository\io\cucumber\datatable\7.2.3\datatable-7.2.3.jar;C:\Users\ANURAG\.m2\repository\io\cucumber\cucumber-plugin\7.2.3\cucumber-plugin-7.2.3.jar;C:\Users\ANURAG\.m2\repository\io\cucumber\docstring\7.2.3\docstring-7.2.3.jar;C:\Users\ANURAG\.m2\repository\io\cucumber\html-formatter\17.0.0\html-formatter-17.0.0.jar;C:\Users\ANURAG\.m2\repository\io\cucumber\ci-environment\8.1.0\ci-environment-8.1.0.jar;C:\Users\ANURAG\.m2\repository\org\apiguardian\apiguardian-api\1.1.2\apiguardian-api-1.1.2.jar;C:\Users\ANURAG\.m2\repository\com\aventstack\extentreports\5.0.9\extentreports-5.0.9.jar;C:\Users\ANURAG\.m2\repository\io\reactivex\rxjava3\rxjava\3.0.4\rxjava-3.0.4.jar;C:\Users\ANURAG\.m2\repository\org\reactivestreams\reactive-streams\1.0.3\reactive-streams-1.0.3.jar;C:\Users\ANURAG\.m2\repository\org\freemarker\freemarker\2.3.30\freemarker-2.3.30.jar;C:\Users\ANURAG\.m2\repository\com\google\code\gson\gson\2.8.6\gson-2.8.6.jar;C:\Users\ANURAG\.m2\repository\org\projectlombok\lombok\1.18.22\lombok-1.18.22.jar;"/>
    <property name="sun.cpu.endian" value="little"/>
    <property name="user.home" value="C:\Users\ANURAG"/>
    <property name="user.language" value="en"/>
    <property name="java.specification.vendor" value="Oracle Corporation"/>
    <property name="java.version.date" value="2022-09-20"/>
    <property name="java.home" value="C:\Program Files\Java\jdk-19"/>
    <property name="file.separator" value="\"/>
    <property name="basedir" value="C:\Users\ANURAG\Downloads\JenkinAssignment1-master\JenkinAssignment1-master"/>
    <property name="java.vm.compressedOopsMode" value="Zero based"/>
    <property name="line.separator" value="&#10;"/>
    <property name="java.vm.specification.vendor" value="Oracle Corporation"/>
    <property name="java.specification.name" value="Java Platform API Specification"/>
    <property name="surefire.real.class.path" value="C:\Users\ANURAG\AppData\Local\Temp\surefire4248169121156249399\surefirebooter17728136091826964018.jar"/>
    <property name="user.script" value=""/>
    <property name="sun.management.compiler" value="HotSpot 64-Bit Tiered Compilers"/>
    <property name="java.runtime.version" value="19+36-2238"/>
    <property name="user.name" value="ANURAG"/>
    <property name="stdout.encoding" value="Cp1252"/>
    <property name="path.separator" value=";"/>
    <property name="os.version" value="10.0"/>
    <property name="java.runtime.name" value="Java(TM) SE Runtime Environment"/>
    <property name="file.encoding" value="UTF-8"/>
    <property name="java.vm.name" value="Java HotSpot(TM) 64-Bit Server VM"/>
    <property name="localRepository" value="C:\Users\ANURAG\.m2\repository"/>
    <property name="java.vendor.url.bug" value="https://bugreport.java.com/bugreport/"/>
    <property name="java.io.tmpdir" value="C:\Users\ANURAG\AppData\Local\Temp\"/>
    <property name="java.version" value="19"/>
    <property name="user.dir" value="C:\Users\ANURAG\Downloads\JenkinAssignment1-master\JenkinAssignment1-master"/>
    <property name="os.arch" value="amd64"/>
    <property name="java.vm.specification.name" value="Java Virtual Machine Specification"/>
    <property name="sun.os.patch.level" value=""/>
    <property name="native.encoding" value="Cp1252"/>
    <property name="java.library.path" value="C:\Program Files\Java\jdk-19\bin;C:\WINDOWS\Sun\Java\bin;C:\WINDOWS\system32;C:\WINDOWS;C:\Program Files\Common Files\Oracle\Java\javapath;C:\Windows\system32;C:\Windows;C:\Windows\System32\Wbem;C:\Windows\System32\WindowsPowerShell\v1.0\;C:\Windows\System32\OpenSSH\;C:\Program Files\NVIDIA Corporation\NVIDIA NvDLISR;C:\Program Files\Microsoft SQL Server\150\Tools\Binn\;C:\Program Files\Microsoft SQL Server\Client SDK\ODBC\170\Tools\Binn\;C:\apache-maven-3.8.6\bin;C:\Program Files\dotnet\;C:\Program Files\nodejs\;C:\WINDOWS\system32;C:\WINDOWS;C:\WINDOWS\System32\Wbem;C:\WINDOWS\System32\WindowsPowerShell\v1.0\;C:\WINDOWS\System32\OpenSSH\;C:\Program Files\Git\cmd;C:\Users\ANURAG\AppData\Local\Microsoft\WindowsApps;C:\Users\ANURAG\AppData\Local\Programs\Microsoft VS Code\bin;C:\Users\ANURAG\.dotnet\tools;C:\Users\ANURAG\AppData\Roaming\npm;."/>
    <property name="java.vm.info" value="mixed mode, sharing"/>
    <property name="stderr.encoding" value="Cp1252"/>
    <property name="java.vendor" value="Oracle Corporation"/>
    <property name="java.vm.version" value="19+36-2238"/>
    <property name="sun.io.unicode.encoding" value="UnicodeLittle"/>
    <property name="java.class.version" value="63.0"/>
  </properties>
  <testcase name="testAuthentication" classname="tests.FirstTest" time="4.388"/>
  <testcase name="createBookingTest" classname="tests.FirstTest" time="1.994"/>
  <testcase name="updateBookingTest" classname="tests.FirstTest" time="2.26"/>
  <testcase name="getBookingTest" classname="tests.FirstTest" time="2.24"/>
  <testcase name="testAuthentication" classname="tests.SecondTest" time="1.597"/>
  <testcase name="createBookingTest" classname="tests.SecondTest" time="2.308"/>
  <testcase name="patchBookingTest" classname="tests.SecondTest" time="1.531"/>
  <testcase name="deleteBookingTest" classname="tests.SecondTest" time="1.944"/>
  <testcase name="shouldAnswerWithTrue on shouldAnswerWithTrue(api_assignment.api_assignment.AppTest)" classname="api_assignment.api_assignment.AppTest" time="0"/>
</testsuite>