<?xml version="1.0" encoding="UTF-8"?>
<!-- Generated by org.testng.reporters.JUnitReportReporter -->
<testsuite hostname="DESKTOP-4ADN1HA" failures="0" tests="1" name="api_assignment.api_assignment.AppTest" time="0.016" errors="0" timestamp="2023-09-30T15:48:11 IST" skipped="0">
  <testcase classname="api_assignment.api_assignment.AppTest" name="shouldAnswerWithTrue" time="0.016"/>
  <system-out/>
</testsuite> <!-- api_assignment.api_assignment.AppTest -->
