<?xml version="1.0" encoding="UTF-8"?>
<!-- Generated by org.testng.reporters.JUnitReportReporter -->
<testsuite hostname="IN-PG0351PR" failures="0" tests="4" name="tests.FirstTest" time="8.746" errors="0" timestamp="2023-09-30T03:48:09 IST" skipped="0">
  <testcase classname="tests.FirstTest" name="testAuthentication" time="4.447"/>
  <system-out/>
  <testcase classname="tests.FirstTest" name="createBookingTest" time="1.526"/>
  <system-out/>
  <testcase classname="tests.FirstTest" name="updateBookingTest" time="1.346"/>
  <system-out/>
  <testcase classname="tests.FirstTest" name="getBookingTest" time="1.427"/>
  <system-out/>
</testsuite> <!-- tests.FirstTest -->
