<?xml version="1.0" encoding="UTF-8"?>
<!-- Generated by org.testng.reporters.JUnitReportReporter -->
<testsuite hostname="IN-PG0351PR" failures="0" tests="4" name="tests.SecondTest" time="5.507" errors="0" timestamp="2023-09-30T03:48:09 IST" skipped="0">
  <testcase classname="tests.SecondTest" name="testAuthentication" time="1.339"/>
  <system-out/>
  <testcase classname="tests.SecondTest" name="createBookingTest" time="1.419"/>
  <system-out/>
  <testcase classname="tests.SecondTest" name="patchBookingTest" time="1.400"/>
  <system-out/>
  <testcase classname="tests.SecondTest" name="deleteBookingTest" time="1.349"/>
  <system-out/>
</testsuite> <!-- tests.SecondTest -->
