<?xml version="1.0" encoding="UTF-8"?>
<!-- Generated by org.testng.reporters.JUnitReportReporter -->
<testsuite hostname="IN-PG0351PR" failures="0" tests="4" name="tests.BookingTest" time="14.619" errors="0" timestamp="2023-08-23T18:54:49 IST" skipped="0">
  <testcase classname="tests.BookingTest" name="testAuthentication" time="10.262"/>
  <system-out/>
  <testcase classname="tests.BookingTest" name="createBookingTest" time="1.486"/>
  <system-out/>
  <testcase classname="tests.BookingTest" name="updateBookingTest" time="1.424"/>
  <system-out/>
  <testcase classname="tests.BookingTest" name="getBookingTest" time="1.447"/>
  <system-out/>
</testsuite> <!-- tests.BookingTest -->
